<?xml version="1.0" encoding="UTF-8"?>
<testng-results ignored="0" total="2" passed="2" failed="0" skipped="0">
  <reporter-output>
  </reporter-output>
  <suite started-at="2024-08-31T11:56:07 IST" name="Default suite" finished-at="2024-08-31T11:56:18 IST" duration-ms="10652">
    <groups>
    </groups>
    <test started-at="2024-08-31T11:56:07 IST" name="Default test" finished-at="2024-08-31T11:56:18 IST" duration-ms="10652">
      <class name="testCases.SearchandSave">
        <test-method is-config="true" signature="setup()[pri:0, instance:testCases.SearchandSave@6572421]" started-at="2024-08-31T11:56:07 IST" name="setup" finished-at="2024-08-31T11:56:15 IST" duration-ms="8309" status="PASS">
          <reporter-output>
          </reporter-output>
        </test-method> <!-- setup -->
        <test-method signature="search1()[pri:1, instance:testCases.SearchandSave@6572421]" started-at="2024-08-31T11:56:16 IST" name="search1" finished-at="2024-08-31T11:56:17 IST" duration-ms="1888" status="PASS">
          <reporter-output>
          </reporter-output>
        </test-method> <!-- search1 -->
        <test-method signature="search2()[pri:2, instance:testCases.SearchandSave@6572421]" started-at="2024-08-31T11:56:17 IST" name="search2" finished-at="2024-08-31T11:56:18 IST" duration-ms="265" status="PASS">
          <reporter-output>
          </reporter-output>
        </test-method> <!-- search2 -->
        <test-method is-config="true" signature="close()[pri:0, instance:testCases.SearchandSave@6572421]" started-at="2024-08-31T11:56:18 IST" name="close" finished-at="2024-08-31T11:56:18 IST" duration-ms="144" status="PASS">
          <reporter-output>
          </reporter-output>
        </test-method> <!-- close -->
      </class> <!-- testCases.SearchandSave -->
    </test> <!-- Default test -->
  </suite> <!-- Default suite -->
</testng-results>
