<?xml version="1.0" encoding="UTF-8"?>
<testng-results ignored="0" total="4" passed="4" failed="0" skipped="0">
  <reporter-output>
  </reporter-output>
  <suite started-at="2024-09-08T19:31:22 IST" name="Suite" finished-at="2024-09-08T19:31:35 IST" duration-ms="12558">
    <groups>
    </groups>
    <test started-at="2024-09-08T19:31:22 IST" name="Test1" finished-at="2024-09-08T19:31:30 IST" duration-ms="7752">
      <class name="testCases.SearchandSave">
        <test-method is-config="true" signature="setup(java.lang.String)[pri:0, instance:testCases.SearchandSave@12468a38]" started-at="2024-09-08T19:31:22 IST" name="setup" finished-at="2024-09-08T19:31:28 IST" duration-ms="5678" status="PASS">
          <params>
            <param index="0">
              <value>
                <![CDATA[chrome]]>
              </value>
            </param>
          </params>
          <reporter-output>
          </reporter-output>
        </test-method> <!-- setup -->
        <test-method signature="search1()[pri:1, instance:testCases.SearchandSave@12468a38]" started-at="2024-09-08T19:31:28 IST" name="search1" finished-at="2024-09-08T19:31:30 IST" duration-ms="1541" status="PASS">
          <reporter-output>
          </reporter-output>
        </test-method> <!-- search1 -->
        <test-method signature="search2()[pri:2, instance:testCases.SearchandSave@12468a38]" started-at="2024-09-08T19:31:30 IST" name="search2" finished-at="2024-09-08T19:31:30 IST" duration-ms="286" status="PASS">
          <reporter-output>
          </reporter-output>
        </test-method> <!-- search2 -->
        <test-method is-config="true" signature="close()[pri:0, instance:testCases.SearchandSave@12468a38]" started-at="2024-09-08T19:31:30 IST" name="close" finished-at="2024-09-08T19:31:30 IST" duration-ms="190" status="PASS">
          <reporter-output>
          </reporter-output>
        </test-method> <!-- close -->
      </class> <!-- testCases.SearchandSave -->
    </test> <!-- Test1 -->
    <test started-at="2024-09-08T19:31:22 IST" name="Test2" finished-at="2024-09-08T19:31:35 IST" duration-ms="12558">
      <class name="testCases.SearchandSave">
        <test-method is-config="true" signature="setup(java.lang.String)[pri:0, instance:testCases.SearchandSave@351d00c0]" started-at="2024-09-08T19:31:22 IST" name="setup" finished-at="2024-09-08T19:31:32 IST" duration-ms="9826" status="PASS">
          <params>
            <param index="0">
              <value>
                <![CDATA[firefox]]>
              </value>
            </param>
          </params>
          <reporter-output>
          </reporter-output>
        </test-method> <!-- setup -->
        <test-method signature="search1()[pri:1, instance:testCases.SearchandSave@351d00c0]" started-at="2024-09-08T19:31:32 IST" name="search1" finished-at="2024-09-08T19:31:34 IST" duration-ms="1542" status="PASS">
          <reporter-output>
          </reporter-output>
        </test-method> <!-- search1 -->
        <test-method signature="search2()[pri:2, instance:testCases.SearchandSave@351d00c0]" started-at="2024-09-08T19:31:34 IST" name="search2" finished-at="2024-09-08T19:31:34 IST" duration-ms="599" status="PASS">
          <reporter-output>
          </reporter-output>
        </test-method> <!-- search2 -->
        <test-method is-config="true" signature="close()[pri:0, instance:testCases.SearchandSave@351d00c0]" started-at="2024-09-08T19:31:34 IST" name="close" finished-at="2024-09-08T19:31:35 IST" duration-ms="577" status="PASS">
          <reporter-output>
          </reporter-output>
        </test-method> <!-- close -->
      </class> <!-- testCases.SearchandSave -->
    </test> <!-- Test2 -->
  </suite> <!-- Suite -->
</testng-results>
